2018-06-29 09:58:45.796  INFO 6716 --- [main] c.e.demo.EmailDemoApplicationTests       : Starting EmailDemoApplicationTests on DESKTOP-UERPHO6 with PID 6716 (started by baimu in C:\workspace-sts-3.6.4.RELEASE\mall-tuantuan\email-demo)
2018-06-29 09:58:45.805  INFO 6716 --- [main] c.e.demo.EmailDemoApplicationTests       : No active profile set, falling back to default profiles: default
2018-06-29 09:58:45.894  INFO 6716 --- [main] o.s.w.c.s.GenericWebApplicationContext   : Refreshing org.springframework.web.context.support.GenericWebApplicationContext@366647c2: startup date [Fri Jun 29 09:58:45 CST 2018]; root of context hierarchy
2018-06-29 09:58:49.127  INFO 6716 --- [main] s.w.s.m.m.a.RequestMappingHandlerAdapter : Looking for @ControllerAdvice: org.springframework.web.context.support.GenericWebApplicationContext@366647c2: startup date [Fri Jun 29 09:58:45 CST 2018]; root of context hierarchy
2018-06-29 09:58:49.284  INFO 6716 --- [main] s.w.s.m.m.a.RequestMappingHandlerMapping : Mapped "{[/send/email],methods=[POST]}" onto public com.example.demo.vo.response.ResponseResult com.example.demo.controller.SendEmailController.sendEmail(com.example.demo.vo.response.email.SendEmail,org.springframework.validation.BindingResult)
2018-06-29 09:58:49.288  INFO 6716 --- [main] s.w.s.m.m.a.RequestMappingHandlerMapping : Mapped "{[/error]}" onto public org.springframework.http.ResponseEntity<java.util.Map<java.lang.String, java.lang.Object>> org.springframework.boot.autoconfigure.web.BasicErrorController.error(javax.servlet.http.HttpServletRequest)
2018-06-29 09:58:49.291  INFO 6716 --- [main] s.w.s.m.m.a.RequestMappingHandlerMapping : Mapped "{[/error],produces=[text/html]}" onto public org.springframework.web.servlet.ModelAndView org.springframework.boot.autoconfigure.web.BasicErrorController.errorHtml(javax.servlet.http.HttpServletRequest,javax.servlet.http.HttpServletResponse)
2018-06-29 09:58:49.353  INFO 6716 --- [main] o.s.w.s.handler.SimpleUrlHandlerMapping  : Mapped URL path [/webjars/**] onto handler of type [class org.springframework.web.servlet.resource.ResourceHttpRequestHandler]
2018-06-29 09:58:49.354  INFO 6716 --- [main] o.s.w.s.handler.SimpleUrlHandlerMapping  : Mapped URL path [/**] onto handler of type [class org.springframework.web.servlet.resource.ResourceHttpRequestHandler]
2018-06-29 09:58:49.422  INFO 6716 --- [main] o.s.w.s.handler.SimpleUrlHandlerMapping  : Mapped URL path [/**/favicon.ico] onto handler of type [class org.springframework.web.servlet.resource.ResourceHttpRequestHandler]
2018-06-29 09:58:49.678  INFO 6716 --- [main] c.e.demo.EmailDemoApplicationTests       : Started EmailDemoApplicationTests in 4.298 seconds (JVM running for 5.926)
2018-06-29 09:59:01.779  INFO 6716 --- [Thread-2] o.s.w.c.s.GenericWebApplicationContext   : Closing org.springframework.web.context.support.GenericWebApplicationContext@366647c2: startup date [Fri Jun 29 09:58:45 CST 2018]; root of context hierarchy
2018-06-29 10:00:35.192  INFO 16632 --- [main] c.e.demo.EmailDemoApplicationTests       : Starting EmailDemoApplicationTests on DESKTOP-UERPHO6 with PID 16632 (started by baimu in C:\workspace-sts-3.6.4.RELEASE\mall-tuantuan\email-demo)
2018-06-29 10:00:35.194  INFO 16632 --- [main] c.e.demo.EmailDemoApplicationTests       : No active profile set, falling back to default profiles: default
2018-06-29 10:00:35.277  INFO 16632 --- [main] o.s.w.c.s.GenericWebApplicationContext   : Refreshing org.springframework.web.context.support.GenericWebApplicationContext@366647c2: startup date [Fri Jun 29 10:00:35 CST 2018]; root of context hierarchy
2018-06-29 10:00:38.225  INFO 16632 --- [main] s.w.s.m.m.a.RequestMappingHandlerAdapter : Looking for @ControllerAdvice: org.springframework.web.context.support.GenericWebApplicationContext@366647c2: startup date [Fri Jun 29 10:00:35 CST 2018]; root of context hierarchy
2018-06-29 10:00:38.470  INFO 16632 --- [main] s.w.s.m.m.a.RequestMappingHandlerMapping : Mapped "{[/send/email],methods=[POST]}" onto public com.example.demo.vo.response.ResponseResult com.example.demo.controller.SendEmailController.sendEmail(com.example.demo.vo.response.email.SendEmail,org.springframework.validation.BindingResult)
2018-06-29 10:00:38.476  INFO 16632 --- [main] s.w.s.m.m.a.RequestMappingHandlerMapping : Mapped "{[/error]}" onto public org.springframework.http.ResponseEntity<java.util.Map<java.lang.String, java.lang.Object>> org.springframework.boot.autoconfigure.web.BasicErrorController.error(javax.servlet.http.HttpServletRequest)
2018-06-29 10:00:38.477  INFO 16632 --- [main] s.w.s.m.m.a.RequestMappingHandlerMapping : Mapped "{[/error],produces=[text/html]}" onto public org.springframework.web.servlet.ModelAndView org.springframework.boot.autoconfigure.web.BasicErrorController.errorHtml(javax.servlet.http.HttpServletRequest,javax.servlet.http.HttpServletResponse)
2018-06-29 10:00:38.568  INFO 16632 --- [main] o.s.w.s.handler.SimpleUrlHandlerMapping  : Mapped URL path [/webjars/**] onto handler of type [class org.springframework.web.servlet.resource.ResourceHttpRequestHandler]
2018-06-29 10:00:38.569  INFO 16632 --- [main] o.s.w.s.handler.SimpleUrlHandlerMapping  : Mapped URL path [/**] onto handler of type [class org.springframework.web.servlet.resource.ResourceHttpRequestHandler]
2018-06-29 10:00:38.709  INFO 16632 --- [main] o.s.w.s.handler.SimpleUrlHandlerMapping  : Mapped URL path [/**/favicon.ico] onto handler of type [class org.springframework.web.servlet.resource.ResourceHttpRequestHandler]
2018-06-29 10:00:39.043  INFO 16632 --- [main] c.e.demo.EmailDemoApplicationTests       : Started EmailDemoApplicationTests in 4.28 seconds (JVM running for 5.604)
2018-06-29 10:00:52.314  INFO 16632 --- [Thread-2] o.s.w.c.s.GenericWebApplicationContext   : Closing org.springframework.web.context.support.GenericWebApplicationContext@366647c2: startup date [Fri Jun 29 10:00:35 CST 2018]; root of context hierarchy
2018-06-29 10:26:08.681  INFO 3112 --- [main] c.e.demo.EmailDemoApplicationTests       : Starting EmailDemoApplicationTests on DESKTOP-UERPHO6 with PID 3112 (started by baimu in C:\workspace-sts-3.6.4.RELEASE\mall-tuantuan\email-demo)
2018-06-29 10:26:08.685  INFO 3112 --- [main] c.e.demo.EmailDemoApplicationTests       : No active profile set, falling back to default profiles: default
2018-06-29 10:26:08.794  INFO 3112 --- [main] o.s.w.c.s.GenericWebApplicationContext   : Refreshing org.springframework.web.context.support.GenericWebApplicationContext@366647c2: startup date [Fri Jun 29 10:26:08 CST 2018]; root of context hierarchy
2018-06-29 10:26:12.729  INFO 3112 --- [main] s.w.s.m.m.a.RequestMappingHandlerAdapter : Looking for @ControllerAdvice: org.springframework.web.context.support.GenericWebApplicationContext@366647c2: startup date [Fri Jun 29 10:26:08 CST 2018]; root of context hierarchy
2018-06-29 10:26:12.886  INFO 3112 --- [main] s.w.s.m.m.a.RequestMappingHandlerMapping : Mapped "{[/send/email],methods=[POST]}" onto public com.example.demo.vo.response.ResponseResult com.example.demo.controller.SendEmailController.sendEmail(com.example.demo.vo.response.email.SendEmail,org.springframework.validation.BindingResult)
2018-06-29 10:26:12.891  INFO 3112 --- [main] s.w.s.m.m.a.RequestMappingHandlerMapping : Mapped "{[/error]}" onto public org.springframework.http.ResponseEntity<java.util.Map<java.lang.String, java.lang.Object>> org.springframework.boot.autoconfigure.web.BasicErrorController.error(javax.servlet.http.HttpServletRequest)
2018-06-29 10:26:12.893  INFO 3112 --- [main] s.w.s.m.m.a.RequestMappingHandlerMapping : Mapped "{[/error],produces=[text/html]}" onto public org.springframework.web.servlet.ModelAndView org.springframework.boot.autoconfigure.web.BasicErrorController.errorHtml(javax.servlet.http.HttpServletRequest,javax.servlet.http.HttpServletResponse)
2018-06-29 10:26:12.955  INFO 3112 --- [main] o.s.w.s.handler.SimpleUrlHandlerMapping  : Mapped URL path [/webjars/**] onto handler of type [class org.springframework.web.servlet.resource.ResourceHttpRequestHandler]
2018-06-29 10:26:12.957  INFO 3112 --- [main] o.s.w.s.handler.SimpleUrlHandlerMapping  : Mapped URL path [/**] onto handler of type [class org.springframework.web.servlet.resource.ResourceHttpRequestHandler]
2018-06-29 10:26:13.041  INFO 3112 --- [main] o.s.w.s.handler.SimpleUrlHandlerMapping  : Mapped URL path [/**/favicon.ico] onto handler of type [class org.springframework.web.servlet.resource.ResourceHttpRequestHandler]
2018-06-29 10:26:13.362  INFO 3112 --- [main] c.e.demo.EmailDemoApplicationTests       : Started EmailDemoApplicationTests in 5.243 seconds (JVM running for 7.064)
2018-06-29 10:27:13.746  INFO 3112 --- [Thread-2] o.s.w.c.s.GenericWebApplicationContext   : Closing org.springframework.web.context.support.GenericWebApplicationContext@366647c2: startup date [Fri Jun 29 10:26:08 CST 2018]; root of context hierarchy
2018-06-29 16:06:47.875  INFO 20404 --- [main] com.example.demo.EmailDemoApplication    : Starting EmailDemoApplication on DESKTOP-UERPHO6 with PID 20404 (C:\workspace-sts-3.6.4.RELEASE\mall-tuantuan\email-demo\target\classes started by baimu in C:\workspace-sts-3.6.4.RELEASE\mall-tuantuan\email-demo)
2018-06-29 16:06:47.880  INFO 20404 --- [main] com.example.demo.EmailDemoApplication    : No active profile set, falling back to default profiles: default
2018-06-29 16:06:47.989  INFO 20404 --- [main] ationConfigEmbeddedWebApplicationContext : Refreshing org.springframework.boot.context.embedded.AnnotationConfigEmbeddedWebApplicationContext@282003e1: startup date [Fri Jun 29 16:06:47 CST 2018]; root of context hierarchy
2018-06-29 16:06:50.458  INFO 20404 --- [main] s.b.c.e.t.TomcatEmbeddedServletContainer : Tomcat initialized with port(s): 8177 (http)
2018-06-29 16:06:50.518  INFO 20404 --- [main] o.apache.catalina.core.StandardService   : Starting service [Tomcat]
2018-06-29 16:06:50.518  INFO 20404 --- [main] org.apache.catalina.core.StandardEngine  : Starting Servlet Engine: Apache Tomcat/8.5.31
2018-06-29 16:06:50.703  INFO 20404 --- [localhost-startStop-1] o.a.c.c.C.[Tomcat].[localhost].[/]       : Initializing Spring embedded WebApplicationContext
2018-06-29 16:06:50.703  INFO 20404 --- [localhost-startStop-1] o.s.web.context.ContextLoader            : Root WebApplicationContext: initialization completed in 2722 ms
2018-06-29 16:06:50.901  INFO 20404 --- [localhost-startStop-1] o.s.b.w.servlet.ServletRegistrationBean  : Mapping servlet: 'dispatcherServlet' to [/]
2018-06-29 16:06:50.906  INFO 20404 --- [localhost-startStop-1] o.s.b.w.servlet.FilterRegistrationBean   : Mapping filter: 'characterEncodingFilter' to: [/*]
2018-06-29 16:06:50.908  INFO 20404 --- [localhost-startStop-1] o.s.b.w.servlet.FilterRegistrationBean   : Mapping filter: 'hiddenHttpMethodFilter' to: [/*]
2018-06-29 16:06:50.908  INFO 20404 --- [localhost-startStop-1] o.s.b.w.servlet.FilterRegistrationBean   : Mapping filter: 'httpPutFormContentFilter' to: [/*]
2018-06-29 16:06:50.914  INFO 20404 --- [localhost-startStop-1] o.s.b.w.servlet.FilterRegistrationBean   : Mapping filter: 'requestContextFilter' to: [/*]
2018-06-29 16:06:51.527  INFO 20404 --- [main] s.w.s.m.m.a.RequestMappingHandlerAdapter : Looking for @ControllerAdvice: org.springframework.boot.context.embedded.AnnotationConfigEmbeddedWebApplicationContext@282003e1: startup date [Fri Jun 29 16:06:47 CST 2018]; root of context hierarchy
2018-06-29 16:06:51.611  INFO 20404 --- [main] s.w.s.m.m.a.RequestMappingHandlerMapping : Mapped "{[/send/email],methods=[POST]}" onto public com.example.demo.vo.response.ResponseResult com.example.demo.controller.SendEmailController.sendEmail(com.example.demo.vo.response.email.SendEmail,org.springframework.validation.BindingResult)
2018-06-29 16:06:51.615  INFO 20404 --- [main] s.w.s.m.m.a.RequestMappingHandlerMapping : Mapped "{[/error]}" onto public org.springframework.http.ResponseEntity<java.util.Map<java.lang.String, java.lang.Object>> org.springframework.boot.autoconfigure.web.BasicErrorController.error(javax.servlet.http.HttpServletRequest)
2018-06-29 16:06:51.625  INFO 20404 --- [main] s.w.s.m.m.a.RequestMappingHandlerMapping : Mapped "{[/error],produces=[text/html]}" onto public org.springframework.web.servlet.ModelAndView org.springframework.boot.autoconfigure.web.BasicErrorController.errorHtml(javax.servlet.http.HttpServletRequest,javax.servlet.http.HttpServletResponse)
2018-06-29 16:06:51.672  INFO 20404 --- [main] o.s.w.s.handler.SimpleUrlHandlerMapping  : Mapped URL path [/webjars/**] onto handler of type [class org.springframework.web.servlet.resource.ResourceHttpRequestHandler]
2018-06-29 16:06:51.672  INFO 20404 --- [main] o.s.w.s.handler.SimpleUrlHandlerMapping  : Mapped URL path [/**] onto handler of type [class org.springframework.web.servlet.resource.ResourceHttpRequestHandler]
2018-06-29 16:06:51.734  INFO 20404 --- [main] o.s.w.s.handler.SimpleUrlHandlerMapping  : Mapped URL path [/**/favicon.ico] onto handler of type [class org.springframework.web.servlet.resource.ResourceHttpRequestHandler]
2018-06-29 16:06:51.928  INFO 20404 --- [main] o.s.j.e.a.AnnotationMBeanExporter        : Registering beans for JMX exposure on startup
2018-06-29 16:06:51.990  INFO 20404 --- [main] s.b.c.e.t.TomcatEmbeddedServletContainer : Tomcat started on port(s): 8177 (http)
2018-06-29 16:06:51.995  INFO 20404 --- [main] com.example.demo.EmailDemoApplication    : Started EmailDemoApplication in 4.642 seconds (JVM running for 5.221)
2018-06-29 16:07:01.350  INFO 20404 --- [http-nio-8177-exec-1] o.a.c.c.C.[Tomcat].[localhost].[/]       : Initializing Spring FrameworkServlet 'dispatcherServlet'
2018-06-29 16:07:01.358  INFO 20404 --- [http-nio-8177-exec-1] o.s.web.servlet.DispatcherServlet        : FrameworkServlet 'dispatcherServlet': initialization started
2018-06-29 16:07:01.377  INFO 20404 --- [http-nio-8177-exec-1] o.s.web.servlet.DispatcherServlet        : FrameworkServlet 'dispatcherServlet': initialization completed in 19 ms
2018-06-29 16:07:01.566  INFO 20404 --- [http-nio-8177-exec-1] c.e.demo.controller.SendEmailController  : this is params:SendEmail [toUser=1754965038@qq.com, subject=测试邮箱主题, text=测试邮箱内容]
2018-06-29 16:08:01.759  INFO 20404 --- [http-nio-8177-exec-1] c.e.demo.controller.SendEmailController  : 发送邮箱出现错误：Mail server connection failed; nested exception is javax.mail.MessagingException: Could not connect to SMTP host: smtp.qq.com, port: 465, response: -1. Failed messages: javax.mail.MessagingException: Could not connect to SMTP host: smtp.qq.com, port: 465, response: -1
2018-06-29 16:08:24.201  INFO 18416 --- [main] com.example.demo.EmailDemoApplication    : Starting EmailDemoApplication on DESKTOP-UERPHO6 with PID 18416 (C:\workspace-sts-3.6.4.RELEASE\mall-tuantuan\email-demo\target\classes started by baimu in C:\workspace-sts-3.6.4.RELEASE\mall-tuantuan\email-demo)
2018-06-29 16:08:24.206  INFO 18416 --- [main] com.example.demo.EmailDemoApplication    : No active profile set, falling back to default profiles: default
2018-06-29 16:08:24.279  INFO 18416 --- [main] ationConfigEmbeddedWebApplicationContext : Refreshing org.springframework.boot.context.embedded.AnnotationConfigEmbeddedWebApplicationContext@282003e1: startup date [Fri Jun 29 16:08:24 CST 2018]; root of context hierarchy
2018-06-29 16:08:26.483  INFO 18416 --- [main] s.b.c.e.t.TomcatEmbeddedServletContainer : Tomcat initialized with port(s): 8177 (http)
2018-06-29 16:08:26.532  INFO 18416 --- [main] o.apache.catalina.core.StandardService   : Starting service [Tomcat]
2018-06-29 16:08:26.532  INFO 18416 --- [main] org.apache.catalina.core.StandardEngine  : Starting Servlet Engine: Apache Tomcat/8.5.31
2018-06-29 16:08:26.687  INFO 18416 --- [localhost-startStop-1] o.a.c.c.C.[Tomcat].[localhost].[/]       : Initializing Spring embedded WebApplicationContext
2018-06-29 16:08:26.688  INFO 18416 --- [localhost-startStop-1] o.s.web.context.ContextLoader            : Root WebApplicationContext: initialization completed in 2415 ms
2018-06-29 16:08:26.900  INFO 18416 --- [localhost-startStop-1] o.s.b.w.servlet.ServletRegistrationBean  : Mapping servlet: 'dispatcherServlet' to [/]
2018-06-29 16:08:26.905  INFO 18416 --- [localhost-startStop-1] o.s.b.w.servlet.FilterRegistrationBean   : Mapping filter: 'characterEncodingFilter' to: [/*]
2018-06-29 16:08:26.906  INFO 18416 --- [localhost-startStop-1] o.s.b.w.servlet.FilterRegistrationBean   : Mapping filter: 'hiddenHttpMethodFilter' to: [/*]
2018-06-29 16:08:26.906  INFO 18416 --- [localhost-startStop-1] o.s.b.w.servlet.FilterRegistrationBean   : Mapping filter: 'httpPutFormContentFilter' to: [/*]
2018-06-29 16:08:26.916  INFO 18416 --- [localhost-startStop-1] o.s.b.w.servlet.FilterRegistrationBean   : Mapping filter: 'requestContextFilter' to: [/*]
2018-06-29 16:08:27.368  INFO 18416 --- [main] s.w.s.m.m.a.RequestMappingHandlerAdapter : Looking for @ControllerAdvice: org.springframework.boot.context.embedded.AnnotationConfigEmbeddedWebApplicationContext@282003e1: startup date [Fri Jun 29 16:08:24 CST 2018]; root of context hierarchy
2018-06-29 16:08:27.463  INFO 18416 --- [main] s.w.s.m.m.a.RequestMappingHandlerMapping : Mapped "{[/send/email],methods=[POST]}" onto public com.example.demo.vo.response.ResponseResult com.example.demo.controller.SendEmailController.sendEmail(com.example.demo.vo.response.email.SendEmail,org.springframework.validation.BindingResult)
2018-06-29 16:08:27.466  INFO 18416 --- [main] s.w.s.m.m.a.RequestMappingHandlerMapping : Mapped "{[/error]}" onto public org.springframework.http.ResponseEntity<java.util.Map<java.lang.String, java.lang.Object>> org.springframework.boot.autoconfigure.web.BasicErrorController.error(javax.servlet.http.HttpServletRequest)
2018-06-29 16:08:27.479  INFO 18416 --- [main] s.w.s.m.m.a.RequestMappingHandlerMapping : Mapped "{[/error],produces=[text/html]}" onto public org.springframework.web.servlet.ModelAndView org.springframework.boot.autoconfigure.web.BasicErrorController.errorHtml(javax.servlet.http.HttpServletRequest,javax.servlet.http.HttpServletResponse)
2018-06-29 16:08:27.517  INFO 18416 --- [main] o.s.w.s.handler.SimpleUrlHandlerMapping  : Mapped URL path [/webjars/**] onto handler of type [class org.springframework.web.servlet.resource.ResourceHttpRequestHandler]
2018-06-29 16:08:27.517  INFO 18416 --- [main] o.s.w.s.handler.SimpleUrlHandlerMapping  : Mapped URL path [/**] onto handler of type [class org.springframework.web.servlet.resource.ResourceHttpRequestHandler]
2018-06-29 16:08:27.564  INFO 18416 --- [main] o.s.w.s.handler.SimpleUrlHandlerMapping  : Mapped URL path [/**/favicon.ico] onto handler of type [class org.springframework.web.servlet.resource.ResourceHttpRequestHandler]
2018-06-29 16:08:27.762  INFO 18416 --- [main] o.s.j.e.a.AnnotationMBeanExporter        : Registering beans for JMX exposure on startup
2018-06-29 16:08:27.815  INFO 18416 --- [main] s.b.c.e.t.TomcatEmbeddedServletContainer : Tomcat started on port(s): 8177 (http)
2018-06-29 16:08:27.823  INFO 18416 --- [main] com.example.demo.EmailDemoApplication    : Started EmailDemoApplication in 4.068 seconds (JVM running for 4.567)
2018-06-29 16:08:32.371  INFO 18416 --- [http-nio-8177-exec-2] o.a.c.c.C.[Tomcat].[localhost].[/]       : Initializing Spring FrameworkServlet 'dispatcherServlet'
2018-06-29 16:08:32.378  INFO 18416 --- [http-nio-8177-exec-2] o.s.web.servlet.DispatcherServlet        : FrameworkServlet 'dispatcherServlet': initialization started
2018-06-29 16:08:32.396  INFO 18416 --- [http-nio-8177-exec-2] o.s.web.servlet.DispatcherServlet        : FrameworkServlet 'dispatcherServlet': initialization completed in 17 ms
2018-06-29 16:08:32.563  INFO 18416 --- [http-nio-8177-exec-2] c.e.demo.controller.SendEmailController  : this is params:SendEmail [toUser=1754965038@qq.com, subject=测试邮箱主题, text=测试邮箱内容]
2018-06-29 16:53:45.240  INFO 8836 --- [main] c.e.demo.EmailDemoApplicationTests       : Starting EmailDemoApplicationTests on DESKTOP-UERPHO6 with PID 8836 (started by baimu in C:\workspace-sts-3.6.4.RELEASE\mall-tuantuan\email-demo)
2018-06-29 16:53:45.241  INFO 8836 --- [main] c.e.demo.EmailDemoApplicationTests       : No active profile set, falling back to default profiles: default
2018-06-29 16:53:45.289  INFO 8836 --- [main] o.s.w.c.s.GenericWebApplicationContext   : Refreshing org.springframework.web.context.support.GenericWebApplicationContext@7c9d8e2: startup date [Fri Jun 29 16:53:45 CST 2018]; root of context hierarchy
2018-06-29 16:53:48.050  INFO 8836 --- [main] s.w.s.m.m.a.RequestMappingHandlerAdapter : Looking for @ControllerAdvice: org.springframework.web.context.support.GenericWebApplicationContext@7c9d8e2: startup date [Fri Jun 29 16:53:45 CST 2018]; root of context hierarchy
2018-06-29 16:53:48.186  INFO 8836 --- [main] s.w.s.m.m.a.RequestMappingHandlerMapping : Mapped "{[/send/email],methods=[POST]}" onto public com.example.demo.vo.response.ResponseResult com.example.demo.controller.SendEmailController.sendEmail(com.example.demo.vo.email.SendEmail,org.springframework.validation.BindingResult)
2018-06-29 16:53:48.190  INFO 8836 --- [main] s.w.s.m.m.a.RequestMappingHandlerMapping : Mapped "{[/error]}" onto public org.springframework.http.ResponseEntity<java.util.Map<java.lang.String, java.lang.Object>> org.springframework.boot.autoconfigure.web.BasicErrorController.error(javax.servlet.http.HttpServletRequest)
2018-06-29 16:53:48.191  INFO 8836 --- [main] s.w.s.m.m.a.RequestMappingHandlerMapping : Mapped "{[/error],produces=[text/html]}" onto public org.springframework.web.servlet.ModelAndView org.springframework.boot.autoconfigure.web.BasicErrorController.errorHtml(javax.servlet.http.HttpServletRequest,javax.servlet.http.HttpServletResponse)
2018-06-29 16:53:48.244  INFO 8836 --- [main] o.s.w.s.handler.SimpleUrlHandlerMapping  : Mapped URL path [/webjars/**] onto handler of type [class org.springframework.web.servlet.resource.ResourceHttpRequestHandler]
2018-06-29 16:53:48.255  INFO 8836 --- [main] o.s.w.s.handler.SimpleUrlHandlerMapping  : Mapped URL path [/**] onto handler of type [class org.springframework.web.servlet.resource.ResourceHttpRequestHandler]
2018-06-29 16:53:48.324  INFO 8836 --- [main] o.s.w.s.handler.SimpleUrlHandlerMapping  : Mapped URL path [/**/favicon.ico] onto handler of type [class org.springframework.web.servlet.resource.ResourceHttpRequestHandler]
2018-06-29 16:53:48.580  INFO 8836 --- [main] c.e.demo.EmailDemoApplicationTests       : Started EmailDemoApplicationTests in 3.914 seconds (JVM running for 5.021)
2018-06-29 16:54:04.027  INFO 8836 --- [Thread-2] o.s.w.c.s.GenericWebApplicationContext   : Closing org.springframework.web.context.support.GenericWebApplicationContext@7c9d8e2: startup date [Fri Jun 29 16:53:45 CST 2018]; root of context hierarchy
2018-06-29 16:55:15.659  INFO 3840 --- [main] c.e.demo.EmailDemoApplicationTests       : Starting EmailDemoApplicationTests on DESKTOP-UERPHO6 with PID 3840 (started by baimu in C:\workspace-sts-3.6.4.RELEASE\mall-tuantuan\email-demo)
2018-06-29 16:55:15.661  INFO 3840 --- [main] c.e.demo.EmailDemoApplicationTests       : No active profile set, falling back to default profiles: default
2018-06-29 16:55:15.737  INFO 3840 --- [main] o.s.w.c.s.GenericWebApplicationContext   : Refreshing org.springframework.web.context.support.GenericWebApplicationContext@7c9d8e2: startup date [Fri Jun 29 16:55:15 CST 2018]; root of context hierarchy
2018-06-29 16:55:17.985  INFO 3840 --- [main] s.w.s.m.m.a.RequestMappingHandlerAdapter : Looking for @ControllerAdvice: org.springframework.web.context.support.GenericWebApplicationContext@7c9d8e2: startup date [Fri Jun 29 16:55:15 CST 2018]; root of context hierarchy
2018-06-29 16:55:18.104  INFO 3840 --- [main] s.w.s.m.m.a.RequestMappingHandlerMapping : Mapped "{[/send/email],methods=[POST]}" onto public com.example.demo.vo.response.ResponseResult com.example.demo.controller.SendEmailController.sendEmail(com.example.demo.vo.email.SendEmail,org.springframework.validation.BindingResult)
2018-06-29 16:55:18.107  INFO 3840 --- [main] s.w.s.m.m.a.RequestMappingHandlerMapping : Mapped "{[/error]}" onto public org.springframework.http.ResponseEntity<java.util.Map<java.lang.String, java.lang.Object>> org.springframework.boot.autoconfigure.web.BasicErrorController.error(javax.servlet.http.HttpServletRequest)
2018-06-29 16:55:18.108  INFO 3840 --- [main] s.w.s.m.m.a.RequestMappingHandlerMapping : Mapped "{[/error],produces=[text/html]}" onto public org.springframework.web.servlet.ModelAndView org.springframework.boot.autoconfigure.web.BasicErrorController.errorHtml(javax.servlet.http.HttpServletRequest,javax.servlet.http.HttpServletResponse)
2018-06-29 16:55:18.163  INFO 3840 --- [main] o.s.w.s.handler.SimpleUrlHandlerMapping  : Mapped URL path [/webjars/**] onto handler of type [class org.springframework.web.servlet.resource.ResourceHttpRequestHandler]
2018-06-29 16:55:18.170  INFO 3840 --- [main] o.s.w.s.handler.SimpleUrlHandlerMapping  : Mapped URL path [/**] onto handler of type [class org.springframework.web.servlet.resource.ResourceHttpRequestHandler]
2018-06-29 16:55:18.232  INFO 3840 --- [main] o.s.w.s.handler.SimpleUrlHandlerMapping  : Mapped URL path [/**/favicon.ico] onto handler of type [class org.springframework.web.servlet.resource.ResourceHttpRequestHandler]
2018-06-29 16:55:18.451  INFO 3840 --- [main] c.e.demo.EmailDemoApplicationTests       : Started EmailDemoApplicationTests in 3.143 seconds (JVM running for 4.057)
2018-06-29 16:55:31.261  INFO 3840 --- [Thread-2] o.s.w.c.s.GenericWebApplicationContext   : Closing org.springframework.web.context.support.GenericWebApplicationContext@7c9d8e2: startup date [Fri Jun 29 16:55:15 CST 2018]; root of context hierarchy
2018-06-29 16:55:58.335  INFO 17596 --- [main] c.e.demo.EmailDemoApplicationTests       : Starting EmailDemoApplicationTests on DESKTOP-UERPHO6 with PID 17596 (started by baimu in C:\workspace-sts-3.6.4.RELEASE\mall-tuantuan\email-demo)
2018-06-29 16:55:58.337  INFO 17596 --- [main] c.e.demo.EmailDemoApplicationTests       : No active profile set, falling back to default profiles: default
2018-06-29 16:55:58.424  INFO 17596 --- [main] o.s.w.c.s.GenericWebApplicationContext   : Refreshing org.springframework.web.context.support.GenericWebApplicationContext@7c9d8e2: startup date [Fri Jun 29 16:55:58 CST 2018]; root of context hierarchy
2018-06-29 16:56:00.670  INFO 17596 --- [main] s.w.s.m.m.a.RequestMappingHandlerAdapter : Looking for @ControllerAdvice: org.springframework.web.context.support.GenericWebApplicationContext@7c9d8e2: startup date [Fri Jun 29 16:55:58 CST 2018]; root of context hierarchy
2018-06-29 16:56:00.785  INFO 17596 --- [main] s.w.s.m.m.a.RequestMappingHandlerMapping : Mapped "{[/send/email],methods=[POST]}" onto public com.example.demo.vo.response.ResponseResult com.example.demo.controller.SendEmailController.sendEmail(com.example.demo.vo.email.SendEmail,org.springframework.validation.BindingResult)
2018-06-29 16:56:00.789  INFO 17596 --- [main] s.w.s.m.m.a.RequestMappingHandlerMapping : Mapped "{[/error]}" onto public org.springframework.http.ResponseEntity<java.util.Map<java.lang.String, java.lang.Object>> org.springframework.boot.autoconfigure.web.BasicErrorController.error(javax.servlet.http.HttpServletRequest)
2018-06-29 16:56:00.790  INFO 17596 --- [main] s.w.s.m.m.a.RequestMappingHandlerMapping : Mapped "{[/error],produces=[text/html]}" onto public org.springframework.web.servlet.ModelAndView org.springframework.boot.autoconfigure.web.BasicErrorController.errorHtml(javax.servlet.http.HttpServletRequest,javax.servlet.http.HttpServletResponse)
2018-06-29 16:56:00.841  INFO 17596 --- [main] o.s.w.s.handler.SimpleUrlHandlerMapping  : Mapped URL path [/webjars/**] onto handler of type [class org.springframework.web.servlet.resource.ResourceHttpRequestHandler]
2018-06-29 16:56:00.851  INFO 17596 --- [main] o.s.w.s.handler.SimpleUrlHandlerMapping  : Mapped URL path [/**] onto handler of type [class org.springframework.web.servlet.resource.ResourceHttpRequestHandler]
2018-06-29 16:56:00.922  INFO 17596 --- [main] o.s.w.s.handler.SimpleUrlHandlerMapping  : Mapped URL path [/**/favicon.ico] onto handler of type [class org.springframework.web.servlet.resource.ResourceHttpRequestHandler]
2018-06-29 16:56:01.155  INFO 17596 --- [main] c.e.demo.EmailDemoApplicationTests       : Started EmailDemoApplicationTests in 3.199 seconds (JVM running for 4.371)
2018-06-29 16:56:15.327  INFO 17596 --- [Thread-2] o.s.w.c.s.GenericWebApplicationContext   : Closing org.springframework.web.context.support.GenericWebApplicationContext@7c9d8e2: startup date [Fri Jun 29 16:55:58 CST 2018]; root of context hierarchy
2018-06-29 17:08:05.611  INFO 8656 --- [main] c.e.demo.EmailDemoApplicationTests       : Starting EmailDemoApplicationTests on DESKTOP-UERPHO6 with PID 8656 (started by baimu in C:\workspace-sts-3.6.4.RELEASE\mall-tuantuan\email-demo)
2018-06-29 17:08:05.613  INFO 8656 --- [main] c.e.demo.EmailDemoApplicationTests       : No active profile set, falling back to default profiles: default
2018-06-29 17:08:05.942  INFO 8656 --- [main] o.s.w.c.s.GenericWebApplicationContext   : Refreshing org.springframework.web.context.support.GenericWebApplicationContext@7c9d8e2: startup date [Fri Jun 29 17:08:05 CST 2018]; root of context hierarchy
2018-06-29 17:08:08.547  INFO 8656 --- [main] s.w.s.m.m.a.RequestMappingHandlerAdapter : Looking for @ControllerAdvice: org.springframework.web.context.support.GenericWebApplicationContext@7c9d8e2: startup date [Fri Jun 29 17:08:05 CST 2018]; root of context hierarchy
2018-06-29 17:08:08.686  INFO 8656 --- [main] s.w.s.m.m.a.RequestMappingHandlerMapping : Mapped "{[/send/email],methods=[POST]}" onto public com.example.demo.vo.response.ResponseResult com.example.demo.controller.SendEmailController.sendEmail(com.example.demo.vo.email.SendEmail,org.springframework.validation.BindingResult)
2018-06-29 17:08:08.689  INFO 8656 --- [main] s.w.s.m.m.a.RequestMappingHandlerMapping : Mapped "{[/error]}" onto public org.springframework.http.ResponseEntity<java.util.Map<java.lang.String, java.lang.Object>> org.springframework.boot.autoconfigure.web.BasicErrorController.error(javax.servlet.http.HttpServletRequest)
2018-06-29 17:08:08.690  INFO 8656 --- [main] s.w.s.m.m.a.RequestMappingHandlerMapping : Mapped "{[/error],produces=[text/html]}" onto public org.springframework.web.servlet.ModelAndView org.springframework.boot.autoconfigure.web.BasicErrorController.errorHtml(javax.servlet.http.HttpServletRequest,javax.servlet.http.HttpServletResponse)
2018-06-29 17:08:08.738  INFO 8656 --- [main] o.s.w.s.handler.SimpleUrlHandlerMapping  : Mapped URL path [/webjars/**] onto handler of type [class org.springframework.web.servlet.resource.ResourceHttpRequestHandler]
2018-06-29 17:08:08.745  INFO 8656 --- [main] o.s.w.s.handler.SimpleUrlHandlerMapping  : Mapped URL path [/**] onto handler of type [class org.springframework.web.servlet.resource.ResourceHttpRequestHandler]
2018-06-29 17:08:08.822  INFO 8656 --- [main] o.s.w.s.handler.SimpleUrlHandlerMapping  : Mapped URL path [/**/favicon.ico] onto handler of type [class org.springframework.web.servlet.resource.ResourceHttpRequestHandler]
2018-06-29 17:08:09.061  INFO 8656 --- [main] c.e.demo.EmailDemoApplicationTests       : Started EmailDemoApplicationTests in 3.889 seconds (JVM running for 4.884)
2018-06-29 17:08:21.111  INFO 8656 --- [Thread-2] o.s.w.c.s.GenericWebApplicationContext   : Closing org.springframework.web.context.support.GenericWebApplicationContext@7c9d8e2: startup date [Fri Jun 29 17:08:05 CST 2018]; root of context hierarchy
2018-06-29 17:08:38.180  INFO 17636 --- [main] c.e.demo.EmailDemoApplicationTests       : Starting EmailDemoApplicationTests on DESKTOP-UERPHO6 with PID 17636 (started by baimu in C:\workspace-sts-3.6.4.RELEASE\mall-tuantuan\email-demo)
2018-06-29 17:08:38.188  INFO 17636 --- [main] c.e.demo.EmailDemoApplicationTests       : No active profile set, falling back to default profiles: default
2018-06-29 17:08:38.298  INFO 17636 --- [main] o.s.w.c.s.GenericWebApplicationContext   : Refreshing org.springframework.web.context.support.GenericWebApplicationContext@7c9d8e2: startup date [Fri Jun 29 17:08:38 CST 2018]; root of context hierarchy
2018-06-29 17:08:41.027  INFO 17636 --- [main] s.w.s.m.m.a.RequestMappingHandlerAdapter : Looking for @ControllerAdvice: org.springframework.web.context.support.GenericWebApplicationContext@7c9d8e2: startup date [Fri Jun 29 17:08:38 CST 2018]; root of context hierarchy
2018-06-29 17:08:41.161  INFO 17636 --- [main] s.w.s.m.m.a.RequestMappingHandlerMapping : Mapped "{[/send/email],methods=[POST]}" onto public com.example.demo.vo.response.ResponseResult com.example.demo.controller.SendEmailController.sendEmail(com.example.demo.vo.email.SendEmail,org.springframework.validation.BindingResult)
2018-06-29 17:08:41.164  INFO 17636 --- [main] s.w.s.m.m.a.RequestMappingHandlerMapping : Mapped "{[/error]}" onto public org.springframework.http.ResponseEntity<java.util.Map<java.lang.String, java.lang.Object>> org.springframework.boot.autoconfigure.web.BasicErrorController.error(javax.servlet.http.HttpServletRequest)
2018-06-29 17:08:41.166  INFO 17636 --- [main] s.w.s.m.m.a.RequestMappingHandlerMapping : Mapped "{[/error],produces=[text/html]}" onto public org.springframework.web.servlet.ModelAndView org.springframework.boot.autoconfigure.web.BasicErrorController.errorHtml(javax.servlet.http.HttpServletRequest,javax.servlet.http.HttpServletResponse)
2018-06-29 17:08:41.228  INFO 17636 --- [main] o.s.w.s.handler.SimpleUrlHandlerMapping  : Mapped URL path [/webjars/**] onto handler of type [class org.springframework.web.servlet.resource.ResourceHttpRequestHandler]
2018-06-29 17:08:41.236  INFO 17636 --- [main] o.s.w.s.handler.SimpleUrlHandlerMapping  : Mapped URL path [/**] onto handler of type [class org.springframework.web.servlet.resource.ResourceHttpRequestHandler]
2018-06-29 17:08:41.304  INFO 17636 --- [main] o.s.w.s.handler.SimpleUrlHandlerMapping  : Mapped URL path [/**/favicon.ico] onto handler of type [class org.springframework.web.servlet.resource.ResourceHttpRequestHandler]
2018-06-29 17:08:41.556  INFO 17636 --- [main] c.e.demo.EmailDemoApplicationTests       : Started EmailDemoApplicationTests in 3.811 seconds (JVM running for 4.801)
2018-06-29 17:08:53.696  INFO 17636 --- [Thread-2] o.s.w.c.s.GenericWebApplicationContext   : Closing org.springframework.web.context.support.GenericWebApplicationContext@7c9d8e2: startup date [Fri Jun 29 17:08:38 CST 2018]; root of context hierarchy
2018-06-29 17:10:10.733  INFO 11644 --- [main] com.example.demo.EmailDemoApplication    : Starting EmailDemoApplication on DESKTOP-UERPHO6 with PID 11644 (C:\workspace-sts-3.6.4.RELEASE\mall-tuantuan\email-demo\target\classes started by baimu in C:\workspace-sts-3.6.4.RELEASE\mall-tuantuan\email-demo)
2018-06-29 17:10:10.739  INFO 11644 --- [main] com.example.demo.EmailDemoApplication    : No active profile set, falling back to default profiles: default
2018-06-29 17:10:10.864  INFO 11644 --- [main] ationConfigEmbeddedWebApplicationContext : Refreshing org.springframework.boot.context.embedded.AnnotationConfigEmbeddedWebApplicationContext@1176dcec: startup date [Fri Jun 29 17:10:10 CST 2018]; root of context hierarchy
2018-06-29 17:10:13.139  INFO 11644 --- [main] s.b.c.e.t.TomcatEmbeddedServletContainer : Tomcat initialized with port(s): 8177 (http)
2018-06-29 17:10:13.185  INFO 11644 --- [main] o.apache.catalina.core.StandardService   : Starting service [Tomcat]
2018-06-29 17:10:13.186  INFO 11644 --- [main] org.apache.catalina.core.StandardEngine  : Starting Servlet Engine: Apache Tomcat/8.5.31
2018-06-29 17:10:13.354  INFO 11644 --- [localhost-startStop-1] o.a.c.c.C.[Tomcat].[localhost].[/]       : Initializing Spring embedded WebApplicationContext
2018-06-29 17:10:13.355  INFO 11644 --- [localhost-startStop-1] o.s.web.context.ContextLoader            : Root WebApplicationContext: initialization completed in 2499 ms
2018-06-29 17:10:13.558  INFO 11644 --- [localhost-startStop-1] o.s.b.w.servlet.ServletRegistrationBean  : Mapping servlet: 'dispatcherServlet' to [/]
2018-06-29 17:10:13.562  INFO 11644 --- [localhost-startStop-1] o.s.b.w.servlet.FilterRegistrationBean   : Mapping filter: 'characterEncodingFilter' to: [/*]
2018-06-29 17:10:13.563  INFO 11644 --- [localhost-startStop-1] o.s.b.w.servlet.FilterRegistrationBean   : Mapping filter: 'hiddenHttpMethodFilter' to: [/*]
2018-06-29 17:10:13.564  INFO 11644 --- [localhost-startStop-1] o.s.b.w.servlet.FilterRegistrationBean   : Mapping filter: 'httpPutFormContentFilter' to: [/*]
2018-06-29 17:10:13.569  INFO 11644 --- [localhost-startStop-1] o.s.b.w.servlet.FilterRegistrationBean   : Mapping filter: 'requestContextFilter' to: [/*]
2018-06-29 17:10:13.991  INFO 11644 --- [main] s.w.s.m.m.a.RequestMappingHandlerAdapter : Looking for @ControllerAdvice: org.springframework.boot.context.embedded.AnnotationConfigEmbeddedWebApplicationContext@1176dcec: startup date [Fri Jun 29 17:10:10 CST 2018]; root of context hierarchy
2018-06-29 17:10:14.081  INFO 11644 --- [main] s.w.s.m.m.a.RequestMappingHandlerMapping : Mapped "{[/send/email],methods=[POST]}" onto public com.example.demo.vo.response.ResponseResult com.example.demo.controller.SendEmailController.sendEmail(com.example.demo.vo.email.SendEmail,org.springframework.validation.BindingResult)
2018-06-29 17:10:14.085  INFO 11644 --- [main] s.w.s.m.m.a.RequestMappingHandlerMapping : Mapped "{[/error]}" onto public org.springframework.http.ResponseEntity<java.util.Map<java.lang.String, java.lang.Object>> org.springframework.boot.autoconfigure.web.BasicErrorController.error(javax.servlet.http.HttpServletRequest)
2018-06-29 17:10:14.095  INFO 11644 --- [main] s.w.s.m.m.a.RequestMappingHandlerMapping : Mapped "{[/error],produces=[text/html]}" onto public org.springframework.web.servlet.ModelAndView org.springframework.boot.autoconfigure.web.BasicErrorController.errorHtml(javax.servlet.http.HttpServletRequest,javax.servlet.http.HttpServletResponse)
2018-06-29 17:10:14.141  INFO 11644 --- [main] o.s.w.s.handler.SimpleUrlHandlerMapping  : Mapped URL path [/webjars/**] onto handler of type [class org.springframework.web.servlet.resource.ResourceHttpRequestHandler]
2018-06-29 17:10:14.141  INFO 11644 --- [main] o.s.w.s.handler.SimpleUrlHandlerMapping  : Mapped URL path [/**] onto handler of type [class org.springframework.web.servlet.resource.ResourceHttpRequestHandler]
2018-06-29 17:10:14.211  INFO 11644 --- [main] o.s.w.s.handler.SimpleUrlHandlerMapping  : Mapped URL path [/**/favicon.ico] onto handler of type [class org.springframework.web.servlet.resource.ResourceHttpRequestHandler]
2018-06-29 17:10:14.388  INFO 11644 --- [main] o.s.j.e.a.AnnotationMBeanExporter        : Registering beans for JMX exposure on startup
2018-06-29 17:10:14.447  INFO 11644 --- [main] s.b.c.e.t.TomcatEmbeddedServletContainer : Tomcat started on port(s): 8177 (http)
2018-06-29 17:10:14.452  INFO 11644 --- [main] com.example.demo.EmailDemoApplication    : Started EmailDemoApplication in 4.151 seconds (JVM running for 4.646)
2018-06-29 17:10:34.720  INFO 16332 --- [main] c.e.demo.EmailDemoApplicationTests       : Starting EmailDemoApplicationTests on DESKTOP-UERPHO6 with PID 16332 (started by baimu in C:\workspace-sts-3.6.4.RELEASE\mall-tuantuan\email-demo)
2018-06-29 17:10:34.721  INFO 16332 --- [main] c.e.demo.EmailDemoApplicationTests       : No active profile set, falling back to default profiles: default
2018-06-29 17:10:34.796  INFO 16332 --- [main] o.s.w.c.s.GenericWebApplicationContext   : Refreshing org.springframework.web.context.support.GenericWebApplicationContext@7dc0f706: startup date [Fri Jun 29 17:10:34 CST 2018]; root of context hierarchy
2018-06-29 17:10:37.037  INFO 16332 --- [main] s.w.s.m.m.a.RequestMappingHandlerAdapter : Looking for @ControllerAdvice: org.springframework.web.context.support.GenericWebApplicationContext@7dc0f706: startup date [Fri Jun 29 17:10:34 CST 2018]; root of context hierarchy
2018-06-29 17:10:37.150  INFO 16332 --- [main] s.w.s.m.m.a.RequestMappingHandlerMapping : Mapped "{[/send/email],methods=[POST]}" onto public com.example.demo.vo.response.ResponseResult com.example.demo.controller.SendEmailController.sendEmail(com.example.demo.vo.email.SendEmail,org.springframework.validation.BindingResult)
2018-06-29 17:10:37.153  INFO 16332 --- [main] s.w.s.m.m.a.RequestMappingHandlerMapping : Mapped "{[/error]}" onto public org.springframework.http.ResponseEntity<java.util.Map<java.lang.String, java.lang.Object>> org.springframework.boot.autoconfigure.web.BasicErrorController.error(javax.servlet.http.HttpServletRequest)
2018-06-29 17:10:37.154  INFO 16332 --- [main] s.w.s.m.m.a.RequestMappingHandlerMapping : Mapped "{[/error],produces=[text/html]}" onto public org.springframework.web.servlet.ModelAndView org.springframework.boot.autoconfigure.web.BasicErrorController.errorHtml(javax.servlet.http.HttpServletRequest,javax.servlet.http.HttpServletResponse)
2018-06-29 17:10:37.209  INFO 16332 --- [main] o.s.w.s.handler.SimpleUrlHandlerMapping  : Mapped URL path [/webjars/**] onto handler of type [class org.springframework.web.servlet.resource.ResourceHttpRequestHandler]
2018-06-29 17:10:37.216  INFO 16332 --- [main] o.s.w.s.handler.SimpleUrlHandlerMapping  : Mapped URL path [/**] onto handler of type [class org.springframework.web.servlet.resource.ResourceHttpRequestHandler]
2018-06-29 17:10:37.292  INFO 16332 --- [main] o.s.w.s.handler.SimpleUrlHandlerMapping  : Mapped URL path [/**/favicon.ico] onto handler of type [class org.springframework.web.servlet.resource.ResourceHttpRequestHandler]
2018-06-29 17:10:37.518  INFO 16332 --- [main] c.e.demo.EmailDemoApplicationTests       : Started EmailDemoApplicationTests in 3.159 seconds (JVM running for 4.376)
2018-06-29 17:10:38.285  INFO 16332 --- [Thread-2] o.s.w.c.s.GenericWebApplicationContext   : Closing org.springframework.web.context.support.GenericWebApplicationContext@7dc0f706: startup date [Fri Jun 29 17:10:34 CST 2018]; root of context hierarchy
2018-06-29 17:11:59.521  INFO 11332 --- [main] c.e.demo.EmailDemoApplicationTests       : Starting EmailDemoApplicationTests on DESKTOP-UERPHO6 with PID 11332 (started by baimu in C:\workspace-sts-3.6.4.RELEASE\mall-tuantuan\email-demo)
2018-06-29 17:11:59.523  INFO 11332 --- [main] c.e.demo.EmailDemoApplicationTests       : No active profile set, falling back to default profiles: default
2018-06-29 17:11:59.603  INFO 11332 --- [main] o.s.w.c.s.GenericWebApplicationContext   : Refreshing org.springframework.web.context.support.GenericWebApplicationContext@7c9d8e2: startup date [Fri Jun 29 17:11:59 CST 2018]; root of context hierarchy
2018-06-29 17:12:02.046  INFO 11332 --- [main] s.w.s.m.m.a.RequestMappingHandlerAdapter : Looking for @ControllerAdvice: org.springframework.web.context.support.GenericWebApplicationContext@7c9d8e2: startup date [Fri Jun 29 17:11:59 CST 2018]; root of context hierarchy
2018-06-29 17:12:02.171  INFO 11332 --- [main] s.w.s.m.m.a.RequestMappingHandlerMapping : Mapped "{[/send/email],methods=[POST]}" onto public com.example.demo.vo.response.ResponseResult com.example.demo.controller.SendEmailController.sendEmail(com.example.demo.vo.email.SendEmail,org.springframework.validation.BindingResult)
2018-06-29 17:12:02.175  INFO 11332 --- [main] s.w.s.m.m.a.RequestMappingHandlerMapping : Mapped "{[/error]}" onto public org.springframework.http.ResponseEntity<java.util.Map<java.lang.String, java.lang.Object>> org.springframework.boot.autoconfigure.web.BasicErrorController.error(javax.servlet.http.HttpServletRequest)
2018-06-29 17:12:02.176  INFO 11332 --- [main] s.w.s.m.m.a.RequestMappingHandlerMapping : Mapped "{[/error],produces=[text/html]}" onto public org.springframework.web.servlet.ModelAndView org.springframework.boot.autoconfigure.web.BasicErrorController.errorHtml(javax.servlet.http.HttpServletRequest,javax.servlet.http.HttpServletResponse)
2018-06-29 17:12:02.220  INFO 11332 --- [main] o.s.w.s.handler.SimpleUrlHandlerMapping  : Mapped URL path [/webjars/**] onto handler of type [class org.springframework.web.servlet.resource.ResourceHttpRequestHandler]
2018-06-29 17:12:02.229  INFO 11332 --- [main] o.s.w.s.handler.SimpleUrlHandlerMapping  : Mapped URL path [/**] onto handler of type [class org.springframework.web.servlet.resource.ResourceHttpRequestHandler]
2018-06-29 17:12:02.290  INFO 11332 --- [main] o.s.w.s.handler.SimpleUrlHandlerMapping  : Mapped URL path [/**/favicon.ico] onto handler of type [class org.springframework.web.servlet.resource.ResourceHttpRequestHandler]
2018-06-29 17:12:02.524  INFO 11332 --- [main] c.e.demo.EmailDemoApplicationTests       : Started EmailDemoApplicationTests in 3.532 seconds (JVM running for 4.489)
2018-06-29 17:12:15.268  INFO 11332 --- [Thread-2] o.s.w.c.s.GenericWebApplicationContext   : Closing org.springframework.web.context.support.GenericWebApplicationContext@7c9d8e2: startup date [Fri Jun 29 17:11:59 CST 2018]; root of context hierarchy
2018-06-30 09:47:27.612  INFO 18240 --- [main] c.e.demo.EmailDemoApplicationTests       : Starting EmailDemoApplicationTests on DESKTOP-UERPHO6 with PID 18240 (started by baimu in C:\workspace-sts-3.6.4.RELEASE\mall-tuantuan\email-demo)
2018-06-30 09:47:27.614  INFO 18240 --- [main] c.e.demo.EmailDemoApplicationTests       : No active profile set, falling back to default profiles: default
2018-06-30 09:47:27.694  INFO 18240 --- [main] o.s.w.c.s.GenericWebApplicationContext   : Refreshing org.springframework.web.context.support.GenericWebApplicationContext@7c9d8e2: startup date [Sat Jun 30 09:47:27 CST 2018]; root of context hierarchy
2018-06-30 09:47:30.517  INFO 18240 --- [main] s.w.s.m.m.a.RequestMappingHandlerAdapter : Looking for @ControllerAdvice: org.springframework.web.context.support.GenericWebApplicationContext@7c9d8e2: startup date [Sat Jun 30 09:47:27 CST 2018]; root of context hierarchy
2018-06-30 09:47:30.706  INFO 18240 --- [main] s.w.s.m.m.a.RequestMappingHandlerMapping : Mapped "{[/send/email],methods=[POST]}" onto public com.example.demo.vo.response.ResponseResult com.example.demo.controller.SendEmailController.sendEmail(com.example.demo.vo.email.SendEmail,org.springframework.validation.BindingResult)
2018-06-30 09:47:30.711  INFO 18240 --- [main] s.w.s.m.m.a.RequestMappingHandlerMapping : Mapped "{[/error]}" onto public org.springframework.http.ResponseEntity<java.util.Map<java.lang.String, java.lang.Object>> org.springframework.boot.autoconfigure.web.BasicErrorController.error(javax.servlet.http.HttpServletRequest)
2018-06-30 09:47:30.712  INFO 18240 --- [main] s.w.s.m.m.a.RequestMappingHandlerMapping : Mapped "{[/error],produces=[text/html]}" onto public org.springframework.web.servlet.ModelAndView org.springframework.boot.autoconfigure.web.BasicErrorController.errorHtml(javax.servlet.http.HttpServletRequest,javax.servlet.http.HttpServletResponse)
2018-06-30 09:47:30.795  INFO 18240 --- [main] o.s.w.s.handler.SimpleUrlHandlerMapping  : Mapped URL path [/webjars/**] onto handler of type [class org.springframework.web.servlet.resource.ResourceHttpRequestHandler]
2018-06-30 09:47:30.808  INFO 18240 --- [main] o.s.w.s.handler.SimpleUrlHandlerMapping  : Mapped URL path [/**] onto handler of type [class org.springframework.web.servlet.resource.ResourceHttpRequestHandler]
2018-06-30 09:47:30.953  INFO 18240 --- [main] o.s.w.s.handler.SimpleUrlHandlerMapping  : Mapped URL path [/**/favicon.ico] onto handler of type [class org.springframework.web.servlet.resource.ResourceHttpRequestHandler]
2018-06-30 09:47:31.356  INFO 18240 --- [main] c.e.demo.EmailDemoApplicationTests       : Started EmailDemoApplicationTests in 4.342 seconds (JVM running for 7.829)
2018-06-30 09:47:44.829  INFO 18240 --- [Thread-2] o.s.w.c.s.GenericWebApplicationContext   : Closing org.springframework.web.context.support.GenericWebApplicationContext@7c9d8e2: startup date [Sat Jun 30 09:47:27 CST 2018]; root of context hierarchy
2018-06-30 09:50:52.112  INFO 21304 --- [main] c.e.demo.EmailDemoApplicationTests       : Starting EmailDemoApplicationTests on DESKTOP-UERPHO6 with PID 21304 (started by baimu in C:\workspace-sts-3.6.4.RELEASE\mall-tuantuan\email-demo)
2018-06-30 09:50:52.114  INFO 21304 --- [main] c.e.demo.EmailDemoApplicationTests       : No active profile set, falling back to default profiles: default
2018-06-30 09:50:52.189  INFO 21304 --- [main] o.s.w.c.s.GenericWebApplicationContext   : Refreshing org.springframework.web.context.support.GenericWebApplicationContext@7c9d8e2: startup date [Sat Jun 30 09:50:52 CST 2018]; root of context hierarchy
2018-06-30 09:50:55.267  INFO 21304 --- [main] s.w.s.m.m.a.RequestMappingHandlerAdapter : Looking for @ControllerAdvice: org.springframework.web.context.support.GenericWebApplicationContext@7c9d8e2: startup date [Sat Jun 30 09:50:52 CST 2018]; root of context hierarchy
2018-06-30 09:50:55.393  INFO 21304 --- [main] s.w.s.m.m.a.RequestMappingHandlerMapping : Mapped "{[/send/email],methods=[POST]}" onto public com.example.demo.vo.response.ResponseResult com.example.demo.controller.SendEmailController.sendEmail(com.example.demo.vo.email.SendEmail,org.springframework.validation.BindingResult)
2018-06-30 09:50:55.397  INFO 21304 --- [main] s.w.s.m.m.a.RequestMappingHandlerMapping : Mapped "{[/error]}" onto public org.springframework.http.ResponseEntity<java.util.Map<java.lang.String, java.lang.Object>> org.springframework.boot.autoconfigure.web.BasicErrorController.error(javax.servlet.http.HttpServletRequest)
2018-06-30 09:50:55.399  INFO 21304 --- [main] s.w.s.m.m.a.RequestMappingHandlerMapping : Mapped "{[/error],produces=[text/html]}" onto public org.springframework.web.servlet.ModelAndView org.springframework.boot.autoconfigure.web.BasicErrorController.errorHtml(javax.servlet.http.HttpServletRequest,javax.servlet.http.HttpServletResponse)
2018-06-30 09:50:55.472  INFO 21304 --- [main] o.s.w.s.handler.SimpleUrlHandlerMapping  : Mapped URL path [/webjars/**] onto handler of type [class org.springframework.web.servlet.resource.ResourceHttpRequestHandler]
2018-06-30 09:50:55.481  INFO 21304 --- [main] o.s.w.s.handler.SimpleUrlHandlerMapping  : Mapped URL path [/**] onto handler of type [class org.springframework.web.servlet.resource.ResourceHttpRequestHandler]
2018-06-30 09:50:55.587  INFO 21304 --- [main] o.s.w.s.handler.SimpleUrlHandlerMapping  : Mapped URL path [/**/favicon.ico] onto handler of type [class org.springframework.web.servlet.resource.ResourceHttpRequestHandler]
2018-06-30 09:50:55.976  INFO 21304 --- [main] c.e.demo.EmailDemoApplicationTests       : Started EmailDemoApplicationTests in 4.4 seconds (JVM running for 5.576)
2018-06-30 09:51:10.307  INFO 21304 --- [Thread-2] o.s.w.c.s.GenericWebApplicationContext   : Closing org.springframework.web.context.support.GenericWebApplicationContext@7c9d8e2: startup date [Sat Jun 30 09:50:52 CST 2018]; root of context hierarchy
2018-06-30 09:51:32.822  INFO 15232 --- [main] c.e.demo.EmailDemoApplicationTests       : Starting EmailDemoApplicationTests on DESKTOP-UERPHO6 with PID 15232 (started by baimu in C:\workspace-sts-3.6.4.RELEASE\mall-tuantuan\email-demo)
2018-06-30 09:51:32.824  INFO 15232 --- [main] c.e.demo.EmailDemoApplicationTests       : No active profile set, falling back to default profiles: default
2018-06-30 09:51:32.876  INFO 15232 --- [main] o.s.w.c.s.GenericWebApplicationContext   : Refreshing org.springframework.web.context.support.GenericWebApplicationContext@7c9d8e2: startup date [Sat Jun 30 09:51:32 CST 2018]; root of context hierarchy
2018-06-30 09:51:35.631  INFO 15232 --- [main] s.w.s.m.m.a.RequestMappingHandlerAdapter : Looking for @ControllerAdvice: org.springframework.web.context.support.GenericWebApplicationContext@7c9d8e2: startup date [Sat Jun 30 09:51:32 CST 2018]; root of context hierarchy
2018-06-30 09:51:35.763  INFO 15232 --- [main] s.w.s.m.m.a.RequestMappingHandlerMapping : Mapped "{[/send/email],methods=[POST]}" onto public com.example.demo.vo.response.ResponseResult com.example.demo.controller.SendEmailController.sendEmail(com.example.demo.vo.email.SendEmail,org.springframework.validation.BindingResult)
2018-06-30 09:51:35.768  INFO 15232 --- [main] s.w.s.m.m.a.RequestMappingHandlerMapping : Mapped "{[/error]}" onto public org.springframework.http.ResponseEntity<java.util.Map<java.lang.String, java.lang.Object>> org.springframework.boot.autoconfigure.web.BasicErrorController.error(javax.servlet.http.HttpServletRequest)
2018-06-30 09:51:35.769  INFO 15232 --- [main] s.w.s.m.m.a.RequestMappingHandlerMapping : Mapped "{[/error],produces=[text/html]}" onto public org.springframework.web.servlet.ModelAndView org.springframework.boot.autoconfigure.web.BasicErrorController.errorHtml(javax.servlet.http.HttpServletRequest,javax.servlet.http.HttpServletResponse)
2018-06-30 09:51:35.845  INFO 15232 --- [main] o.s.w.s.handler.SimpleUrlHandlerMapping  : Mapped URL path [/webjars/**] onto handler of type [class org.springframework.web.servlet.resource.ResourceHttpRequestHandler]
2018-06-30 09:51:35.855  INFO 15232 --- [main] o.s.w.s.handler.SimpleUrlHandlerMapping  : Mapped URL path [/**] onto handler of type [class org.springframework.web.servlet.resource.ResourceHttpRequestHandler]
2018-06-30 09:51:35.929  INFO 15232 --- [main] o.s.w.s.handler.SimpleUrlHandlerMapping  : Mapped URL path [/**/favicon.ico] onto handler of type [class org.springframework.web.servlet.resource.ResourceHttpRequestHandler]
2018-06-30 09:51:36.244  INFO 15232 --- [main] c.e.demo.EmailDemoApplicationTests       : Started EmailDemoApplicationTests in 3.887 seconds (JVM running for 5.383)
2018-06-30 09:51:49.104  INFO 15232 --- [Thread-2] o.s.w.c.s.GenericWebApplicationContext   : Closing org.springframework.web.context.support.GenericWebApplicationContext@7c9d8e2: startup date [Sat Jun 30 09:51:32 CST 2018]; root of context hierarchy
2018-06-30 09:52:07.370  INFO 15008 --- [main] c.e.demo.EmailDemoApplicationTests       : Starting EmailDemoApplicationTests on DESKTOP-UERPHO6 with PID 15008 (started by baimu in C:\workspace-sts-3.6.4.RELEASE\mall-tuantuan\email-demo)
2018-06-30 09:52:07.372  INFO 15008 --- [main] c.e.demo.EmailDemoApplicationTests       : No active profile set, falling back to default profiles: default
2018-06-30 09:52:07.472  INFO 15008 --- [main] o.s.w.c.s.GenericWebApplicationContext   : Refreshing org.springframework.web.context.support.GenericWebApplicationContext@7c9d8e2: startup date [Sat Jun 30 09:52:07 CST 2018]; root of context hierarchy
2018-06-30 09:52:10.140  INFO 15008 --- [main] s.w.s.m.m.a.RequestMappingHandlerAdapter : Looking for @ControllerAdvice: org.springframework.web.context.support.GenericWebApplicationContext@7c9d8e2: startup date [Sat Jun 30 09:52:07 CST 2018]; root of context hierarchy
2018-06-30 09:52:10.308  INFO 15008 --- [main] s.w.s.m.m.a.RequestMappingHandlerMapping : Mapped "{[/send/email],methods=[POST]}" onto public com.example.demo.vo.response.ResponseResult com.example.demo.controller.SendEmailController.sendEmail(com.example.demo.vo.email.SendEmail,org.springframework.validation.BindingResult)
2018-06-30 09:52:10.311  INFO 15008 --- [main] s.w.s.m.m.a.RequestMappingHandlerMapping : Mapped "{[/error]}" onto public org.springframework.http.ResponseEntity<java.util.Map<java.lang.String, java.lang.Object>> org.springframework.boot.autoconfigure.web.BasicErrorController.error(javax.servlet.http.HttpServletRequest)
2018-06-30 09:52:10.311  INFO 15008 --- [main] s.w.s.m.m.a.RequestMappingHandlerMapping : Mapped "{[/error],produces=[text/html]}" onto public org.springframework.web.servlet.ModelAndView org.springframework.boot.autoconfigure.web.BasicErrorController.errorHtml(javax.servlet.http.HttpServletRequest,javax.servlet.http.HttpServletResponse)
2018-06-30 09:52:10.378  INFO 15008 --- [main] o.s.w.s.handler.SimpleUrlHandlerMapping  : Mapped URL path [/webjars/**] onto handler of type [class org.springframework.web.servlet.resource.ResourceHttpRequestHandler]
2018-06-30 09:52:10.392  INFO 15008 --- [main] o.s.w.s.handler.SimpleUrlHandlerMapping  : Mapped URL path [/**] onto handler of type [class org.springframework.web.servlet.resource.ResourceHttpRequestHandler]
2018-06-30 09:52:10.482  INFO 15008 --- [main] o.s.w.s.handler.SimpleUrlHandlerMapping  : Mapped URL path [/**/favicon.ico] onto handler of type [class org.springframework.web.servlet.resource.ResourceHttpRequestHandler]
2018-06-30 09:52:10.918  INFO 15008 --- [main] c.e.demo.EmailDemoApplicationTests       : Started EmailDemoApplicationTests in 4.033 seconds (JVM running for 5.313)
2018-06-30 09:52:25.536  INFO 15008 --- [Thread-2] o.s.w.c.s.GenericWebApplicationContext   : Closing org.springframework.web.context.support.GenericWebApplicationContext@7c9d8e2: startup date [Sat Jun 30 09:52:07 CST 2018]; root of context hierarchy
2018-06-30 09:52:44.219  INFO 21832 --- [main] c.e.demo.EmailDemoApplicationTests       : Starting EmailDemoApplicationTests on DESKTOP-UERPHO6 with PID 21832 (started by baimu in C:\workspace-sts-3.6.4.RELEASE\mall-tuantuan\email-demo)
2018-06-30 09:52:44.228  INFO 21832 --- [main] c.e.demo.EmailDemoApplicationTests       : No active profile set, falling back to default profiles: default
2018-06-30 09:52:44.298  INFO 21832 --- [main] o.s.w.c.s.GenericWebApplicationContext   : Refreshing org.springframework.web.context.support.GenericWebApplicationContext@7c9d8e2: startup date [Sat Jun 30 09:52:44 CST 2018]; root of context hierarchy
2018-06-30 09:52:48.160  INFO 21832 --- [main] s.w.s.m.m.a.RequestMappingHandlerAdapter : Looking for @ControllerAdvice: org.springframework.web.context.support.GenericWebApplicationContext@7c9d8e2: startup date [Sat Jun 30 09:52:44 CST 2018]; root of context hierarchy
2018-06-30 09:52:48.334  INFO 21832 --- [main] s.w.s.m.m.a.RequestMappingHandlerMapping : Mapped "{[/send/email],methods=[POST]}" onto public com.example.demo.vo.response.ResponseResult com.example.demo.controller.SendEmailController.sendEmail(com.example.demo.vo.email.SendEmail,org.springframework.validation.BindingResult)
2018-06-30 09:52:48.338  INFO 21832 --- [main] s.w.s.m.m.a.RequestMappingHandlerMapping : Mapped "{[/error]}" onto public org.springframework.http.ResponseEntity<java.util.Map<java.lang.String, java.lang.Object>> org.springframework.boot.autoconfigure.web.BasicErrorController.error(javax.servlet.http.HttpServletRequest)
2018-06-30 09:52:48.339  INFO 21832 --- [main] s.w.s.m.m.a.RequestMappingHandlerMapping : Mapped "{[/error],produces=[text/html]}" onto public org.springframework.web.servlet.ModelAndView org.springframework.boot.autoconfigure.web.BasicErrorController.errorHtml(javax.servlet.http.HttpServletRequest,javax.servlet.http.HttpServletResponse)
2018-06-30 09:52:48.430  INFO 21832 --- [main] o.s.w.s.handler.SimpleUrlHandlerMapping  : Mapped URL path [/webjars/**] onto handler of type [class org.springframework.web.servlet.resource.ResourceHttpRequestHandler]
2018-06-30 09:52:48.446  INFO 21832 --- [main] o.s.w.s.handler.SimpleUrlHandlerMapping  : Mapped URL path [/**] onto handler of type [class org.springframework.web.servlet.resource.ResourceHttpRequestHandler]
2018-06-30 09:52:48.567  INFO 21832 --- [main] o.s.w.s.handler.SimpleUrlHandlerMapping  : Mapped URL path [/**/favicon.ico] onto handler of type [class org.springframework.web.servlet.resource.ResourceHttpRequestHandler]
2018-06-30 09:52:49.092  INFO 21832 --- [main] c.e.demo.EmailDemoApplicationTests       : Started EmailDemoApplicationTests in 5.469 seconds (JVM running for 6.702)
2018-06-30 09:53:04.736  INFO 21832 --- [Thread-2] o.s.w.c.s.GenericWebApplicationContext   : Closing org.springframework.web.context.support.GenericWebApplicationContext@7c9d8e2: startup date [Sat Jun 30 09:52:44 CST 2018]; root of context hierarchy
2018-06-30 09:53:10.858  INFO 20696 --- [main] c.e.demo.EmailDemoApplicationTests       : Starting EmailDemoApplicationTests on DESKTOP-UERPHO6 with PID 20696 (started by baimu in C:\workspace-sts-3.6.4.RELEASE\mall-tuantuan\email-demo)
2018-06-30 09:53:10.859  INFO 20696 --- [main] c.e.demo.EmailDemoApplicationTests       : No active profile set, falling back to default profiles: default
2018-06-30 09:53:10.938  INFO 20696 --- [main] o.s.w.c.s.GenericWebApplicationContext   : Refreshing org.springframework.web.context.support.GenericWebApplicationContext@7c9d8e2: startup date [Sat Jun 30 09:53:10 CST 2018]; root of context hierarchy
2018-06-30 09:53:14.512  INFO 20696 --- [main] s.w.s.m.m.a.RequestMappingHandlerAdapter : Looking for @ControllerAdvice: org.springframework.web.context.support.GenericWebApplicationContext@7c9d8e2: startup date [Sat Jun 30 09:53:10 CST 2018]; root of context hierarchy
2018-06-30 09:53:14.711  INFO 20696 --- [main] s.w.s.m.m.a.RequestMappingHandlerMapping : Mapped "{[/send/email],methods=[POST]}" onto public com.example.demo.vo.response.ResponseResult com.example.demo.controller.SendEmailController.sendEmail(com.example.demo.vo.email.SendEmail,org.springframework.validation.BindingResult)
2018-06-30 09:53:14.715  INFO 20696 --- [main] s.w.s.m.m.a.RequestMappingHandlerMapping : Mapped "{[/error]}" onto public org.springframework.http.ResponseEntity<java.util.Map<java.lang.String, java.lang.Object>> org.springframework.boot.autoconfigure.web.BasicErrorController.error(javax.servlet.http.HttpServletRequest)
2018-06-30 09:53:14.716  INFO 20696 --- [main] s.w.s.m.m.a.RequestMappingHandlerMapping : Mapped "{[/error],produces=[text/html]}" onto public org.springframework.web.servlet.ModelAndView org.springframework.boot.autoconfigure.web.BasicErrorController.errorHtml(javax.servlet.http.HttpServletRequest,javax.servlet.http.HttpServletResponse)
2018-06-30 09:53:14.813  INFO 20696 --- [main] o.s.w.s.handler.SimpleUrlHandlerMapping  : Mapped URL path [/webjars/**] onto handler of type [class org.springframework.web.servlet.resource.ResourceHttpRequestHandler]
2018-06-30 09:53:14.835  INFO 20696 --- [main] o.s.w.s.handler.SimpleUrlHandlerMapping  : Mapped URL path [/**] onto handler of type [class org.springframework.web.servlet.resource.ResourceHttpRequestHandler]
2018-06-30 09:53:14.954  INFO 20696 --- [main] o.s.w.s.handler.SimpleUrlHandlerMapping  : Mapped URL path [/**/favicon.ico] onto handler of type [class org.springframework.web.servlet.resource.ResourceHttpRequestHandler]
2018-06-30 09:53:15.354  INFO 20696 --- [main] c.e.demo.EmailDemoApplicationTests       : Started EmailDemoApplicationTests in 5.325 seconds (JVM running for 6.729)
2018-06-30 09:53:29.028  INFO 20696 --- [Thread-2] o.s.w.c.s.GenericWebApplicationContext   : Closing org.springframework.web.context.support.GenericWebApplicationContext@7c9d8e2: startup date [Sat Jun 30 09:53:10 CST 2018]; root of context hierarchy
